2025-01-16 11:08:36 - Starting AuthServiceApplication using Java 17.0.2 with PID 4384 (C:\Users\usuario\Desktop\auth-service\target\classes started by usuario in C:\Users\usuario\Desktop\auth-service)
2025-01-16 11:08:36 - No active profile set, falling back to 1 default profile: "default"
2025-01-16 11:08:37 - Bootstrapping Spring Data JPA repositories in DEFAULT mode.
2025-01-16 11:08:37 - Finished Spring Data repository scanning in 58 ms. Found 1 JPA repository interface.
2025-01-16 11:08:38 - Tomcat initialized with port 8080 (http)
2025-01-16 11:08:38 - Starting service [Tomcat]
2025-01-16 11:08:38 - Starting Servlet engine: [Apache Tomcat/10.1.34]
2025-01-16 11:08:38 - Initializing Spring embedded WebApplicationContext
2025-01-16 11:08:38 - Root WebApplicationContext: initialization completed in 1760 ms
2025-01-16 11:08:38 - HHH000204: Processing PersistenceUnitInfo [name: default]
2025-01-16 11:08:38 - HHH000412: Hibernate ORM core version 6.6.4.Final
2025-01-16 11:08:38 - HHH000026: Second-level cache disabled
2025-01-16 11:08:38 - No LoadTimeWeaver setup: ignoring JPA class transformer
2025-01-16 11:08:38 - HikariPool-1 - Starting...
2025-01-16 11:08:39 - HikariPool-1 - Added connection com.mysql.cj.jdbc.ConnectionImpl@6654ca0d
2025-01-16 11:08:39 - HikariPool-1 - Start completed.
2025-01-16 11:08:39 - HHH90000025: MySQLDialect does not need to be specified explicitly using 'hibernate.dialect' (remove the property setting and it will be selected by default)
2025-01-16 11:08:39 - HHH10001005: Database info:
	Database JDBC URL [Connecting through datasource 'HikariDataSource (HikariPool-1)']
	Database driver: undefined/unknown
	Database version: 8.0.36
	Autocommit mode: undefined/unknown
	Isolation level: undefined/unknown
	Minimum pool size: undefined/unknown
	Maximum pool size: undefined/unknown
2025-01-16 11:08:40 - HHH000489: No JTA platform available (set 'hibernate.transaction.jta.platform' to enable JTA platform integration)
2025-01-16 11:08:40 - Initialized JPA EntityManagerFactory for persistence unit 'default'
2025-01-16 11:08:40 - spring.jpa.open-in-view is enabled by default. Therefore, database queries may be performed during view rendering. Explicitly configure spring.jpa.open-in-view to disable this warning
2025-01-16 11:08:41 - Tomcat started on port 8080 (http) with context path '/'
2025-01-16 11:08:41 - Started AuthServiceApplication in 5.58 seconds (process running for 6.033)
2025-01-16 12:27:03 - Initializing Spring DispatcherServlet 'dispatcherServlet'
2025-01-16 12:27:03 - Initializing Servlet 'dispatcherServlet'
2025-01-16 12:27:03 - Completed initialization in 9 ms
2025-01-16 12:27:35 - Commencing graceful shutdown. Waiting for active requests to complete
2025-01-16 12:27:35 - Graceful shutdown complete
2025-01-16 12:27:35 - Closing JPA EntityManagerFactory for persistence unit 'default'
2025-01-16 12:27:35 - HikariPool-1 - Shutdown initiated...
2025-01-16 12:27:35 - HikariPool-1 - Shutdown completed.
2025-01-16 12:27:41 - Starting AuthServiceApplication using Java 17.0.2 with PID 20588 (C:\Users\usuario\Desktop\auth-service\target\classes started by usuario in C:\Users\usuario\Desktop\auth-service)
2025-01-16 12:27:41 - No active profile set, falling back to 1 default profile: "default"
2025-01-16 12:27:42 - Bootstrapping Spring Data JPA repositories in DEFAULT mode.
2025-01-16 12:27:42 - Finished Spring Data repository scanning in 48 ms. Found 1 JPA repository interface.
2025-01-16 12:27:42 - Tomcat initialized with port 8080 (http)
2025-01-16 12:27:42 - Starting service [Tomcat]
2025-01-16 12:27:42 - Starting Servlet engine: [Apache Tomcat/10.1.34]
2025-01-16 12:27:43 - Initializing Spring embedded WebApplicationContext
2025-01-16 12:27:43 - Root WebApplicationContext: initialization completed in 1263 ms
2025-01-16 12:27:43 - HHH000204: Processing PersistenceUnitInfo [name: default]
2025-01-16 12:27:43 - HHH000412: Hibernate ORM core version 6.6.4.Final
2025-01-16 12:27:43 - HHH000026: Second-level cache disabled
2025-01-16 12:27:43 - No LoadTimeWeaver setup: ignoring JPA class transformer
2025-01-16 12:27:43 - HikariPool-1 - Starting...
2025-01-16 12:27:43 - HikariPool-1 - Added connection com.mysql.cj.jdbc.ConnectionImpl@1b444b5
2025-01-16 12:27:43 - HikariPool-1 - Start completed.
2025-01-16 12:27:43 - HHH90000025: MySQLDialect does not need to be specified explicitly using 'hibernate.dialect' (remove the property setting and it will be selected by default)
2025-01-16 12:27:43 - HHH10001005: Database info:
	Database JDBC URL [Connecting through datasource 'HikariDataSource (HikariPool-1)']
	Database driver: undefined/unknown
	Database version: 8.0.36
	Autocommit mode: undefined/unknown
	Isolation level: undefined/unknown
	Minimum pool size: undefined/unknown
	Maximum pool size: undefined/unknown
2025-01-16 12:27:44 - HHH000489: No JTA platform available (set 'hibernate.transaction.jta.platform' to enable JTA platform integration)
2025-01-16 12:27:44 - Initialized JPA EntityManagerFactory for persistence unit 'default'
2025-01-16 12:27:44 - spring.jpa.open-in-view is enabled by default. Therefore, database queries may be performed during view rendering. Explicitly configure spring.jpa.open-in-view to disable this warning
2025-01-16 12:27:45 - Tomcat started on port 8080 (http) with context path '/'
2025-01-16 12:27:45 - Started AuthServiceApplication in 3.958 seconds (process running for 4.285)
2025-01-16 12:28:03 - Initializing Spring DispatcherServlet 'dispatcherServlet'
2025-01-16 12:28:03 - Initializing Servlet 'dispatcherServlet'
2025-01-16 12:28:03 - Completed initialization in 1 ms
2025-01-16 15:26:35 - Commencing graceful shutdown. Waiting for active requests to complete
2025-01-16 15:26:35 - Graceful shutdown complete
2025-01-16 15:26:35 - Closing JPA EntityManagerFactory for persistence unit 'default'
2025-01-16 15:26:35 - HikariPool-1 - Shutdown initiated...
2025-01-16 15:26:35 - HikariPool-1 - Shutdown completed.
2025-01-16 18:35:29 - Starting AuthServiceApplication using Java 17.0.2 with PID 9508 (C:\Users\usuario\Desktop\auth-service\target\classes started by usuario in C:\Users\usuario\Desktop\auth-service)
2025-01-16 18:35:29 - No active profile set, falling back to 1 default profile: "default"
2025-01-16 18:35:30 - Bootstrapping Spring Data JPA repositories in DEFAULT mode.
2025-01-16 18:35:30 - Finished Spring Data repository scanning in 71 ms. Found 1 JPA repository interface.
2025-01-16 18:35:31 - Tomcat initialized with port 8080 (http)
2025-01-16 18:35:31 - Starting service [Tomcat]
2025-01-16 18:35:31 - Starting Servlet engine: [Apache Tomcat/10.1.34]
2025-01-16 18:35:31 - Initializing Spring embedded WebApplicationContext
2025-01-16 18:35:31 - Root WebApplicationContext: initialization completed in 1739 ms
2025-01-16 18:35:31 - HHH000204: Processing PersistenceUnitInfo [name: default]
2025-01-16 18:35:31 - HHH000412: Hibernate ORM core version 6.6.4.Final
2025-01-16 18:35:31 - HHH000026: Second-level cache disabled
2025-01-16 18:35:31 - No LoadTimeWeaver setup: ignoring JPA class transformer
2025-01-16 18:35:31 - HikariPool-1 - Starting...
2025-01-16 18:35:32 - HikariPool-1 - Added connection com.mysql.cj.jdbc.ConnectionImpl@6a278584
2025-01-16 18:35:32 - HikariPool-1 - Start completed.
2025-01-16 18:35:32 - HHH90000025: MySQLDialect does not need to be specified explicitly using 'hibernate.dialect' (remove the property setting and it will be selected by default)
2025-01-16 18:35:32 - HHH10001005: Database info:
	Database JDBC URL [Connecting through datasource 'HikariDataSource (HikariPool-1)']
	Database driver: undefined/unknown
	Database version: 8.0.36
	Autocommit mode: undefined/unknown
	Isolation level: undefined/unknown
	Minimum pool size: undefined/unknown
	Maximum pool size: undefined/unknown
2025-01-16 18:35:33 - HHH000489: No JTA platform available (set 'hibernate.transaction.jta.platform' to enable JTA platform integration)
2025-01-16 18:35:33 - Initialized JPA EntityManagerFactory for persistence unit 'default'
2025-01-16 18:35:33 - spring.jpa.open-in-view is enabled by default. Therefore, database queries may be performed during view rendering. Explicitly configure spring.jpa.open-in-view to disable this warning
2025-01-16 18:35:34 - Exception encountered during context initialization - cancelling refresh attempt: org.springframework.context.ApplicationContextException: Failed to start bean 'webServerStartStop'
2025-01-16 18:35:34 - Closing JPA EntityManagerFactory for persistence unit 'default'
2025-01-16 18:35:34 - HikariPool-1 - Shutdown initiated...
2025-01-16 18:35:34 - HikariPool-1 - Shutdown completed.
2025-01-16 18:35:34 - 

Error starting ApplicationContext. To display the condition evaluation report re-run your application with 'debug' enabled.
2025-01-16 18:35:34 - 

***************************
APPLICATION FAILED TO START
***************************

Description:

Web server failed to start. Port 8080 was already in use.

Action:

Identify and stop the process that's listening on port 8080 or configure this application to listen on another port.

2025-01-16 21:48:18 - Starting AuthServiceApplication using Java 17.0.2 with PID 18096 (C:\Users\usuario\Desktop\auth-service\target\classes started by usuario in C:\Users\usuario\Desktop\auth-service)
2025-01-16 21:48:18 - No active profile set, falling back to 1 default profile: "default"
2025-01-16 21:48:19 - Bootstrapping Spring Data JPA repositories in DEFAULT mode.
2025-01-16 21:48:19 - Finished Spring Data repository scanning in 61 ms. Found 1 JPA repository interface.
2025-01-16 21:48:20 - Tomcat initialized with port 8080 (http)
2025-01-16 21:48:20 - Starting service [Tomcat]
2025-01-16 21:48:20 - Starting Servlet engine: [Apache Tomcat/10.1.34]
2025-01-16 21:48:20 - Initializing Spring embedded WebApplicationContext
2025-01-16 21:48:20 - Root WebApplicationContext: initialization completed in 2026 ms
2025-01-16 21:48:20 - HHH000204: Processing PersistenceUnitInfo [name: default]
2025-01-16 21:48:21 - HHH000412: Hibernate ORM core version 6.6.4.Final
2025-01-16 21:48:21 - HHH000026: Second-level cache disabled
2025-01-16 21:48:21 - No LoadTimeWeaver setup: ignoring JPA class transformer
2025-01-16 21:48:21 - HikariPool-1 - Starting...
2025-01-16 21:48:21 - HikariPool-1 - Added connection com.mysql.cj.jdbc.ConnectionImpl@3a72e2e8
2025-01-16 21:48:21 - HikariPool-1 - Start completed.
2025-01-16 21:48:21 - HHH90000025: MySQLDialect does not need to be specified explicitly using 'hibernate.dialect' (remove the property setting and it will be selected by default)
2025-01-16 21:48:21 - HHH10001005: Database info:
	Database JDBC URL [Connecting through datasource 'HikariDataSource (HikariPool-1)']
	Database driver: undefined/unknown
	Database version: 8.0.36
	Autocommit mode: undefined/unknown
	Isolation level: undefined/unknown
	Minimum pool size: undefined/unknown
	Maximum pool size: undefined/unknown
2025-01-16 21:48:22 - HHH000489: No JTA platform available (set 'hibernate.transaction.jta.platform' to enable JTA platform integration)
2025-01-16 21:48:22 - Initialized JPA EntityManagerFactory for persistence unit 'default'
2025-01-16 21:48:23 - spring.jpa.open-in-view is enabled by default. Therefore, database queries may be performed during view rendering. Explicitly configure spring.jpa.open-in-view to disable this warning
2025-01-16 21:48:23 - Tomcat started on port 8080 (http) with context path '/'
2025-01-16 21:48:23 - Started AuthServiceApplication in 5.692 seconds (process running for 6.238)
2025-01-16 21:59:44 - Initializing Spring DispatcherServlet 'dispatcherServlet'
2025-01-16 21:59:44 - Initializing Servlet 'dispatcherServlet'
2025-01-16 21:59:44 - Completed initialization in 1 ms
2025-01-16 22:02:08 - Commencing graceful shutdown. Waiting for active requests to complete
2025-01-16 22:02:08 - Graceful shutdown complete
2025-01-16 22:02:08 - Closing JPA EntityManagerFactory for persistence unit 'default'
2025-01-16 22:02:08 - HikariPool-1 - Shutdown initiated...
2025-01-16 22:02:08 - HikariPool-1 - Shutdown completed.
2025-01-16 22:40:52 - Starting AuthServiceApplicationTests using Java 17.0.2 with PID 21192 (started by usuario in C:\Users\usuario\Desktop\auth-service)
2025-01-16 22:40:52 - No active profile set, falling back to 1 default profile: "default"
2025-01-16 22:40:53 - Bootstrapping Spring Data JPA repositories in DEFAULT mode.
2025-01-16 22:40:53 - Finished Spring Data repository scanning in 49 ms. Found 1 JPA repository interface.
2025-01-16 22:40:54 - HHH000204: Processing PersistenceUnitInfo [name: default]
2025-01-16 22:40:54 - HHH000412: Hibernate ORM core version 6.6.4.Final
2025-01-16 22:40:54 - HHH000026: Second-level cache disabled
2025-01-16 22:40:54 - No LoadTimeWeaver setup: ignoring JPA class transformer
2025-01-16 22:40:54 - HikariPool-1 - Starting...
2025-01-16 22:40:55 - HikariPool-1 - Added connection com.mysql.cj.jdbc.ConnectionImpl@99c3cee
2025-01-16 22:40:55 - HikariPool-1 - Start completed.
2025-01-16 22:40:55 - HHH90000025: MySQLDialect does not need to be specified explicitly using 'hibernate.dialect' (remove the property setting and it will be selected by default)
2025-01-16 22:40:55 - HHH10001005: Database info:
	Database JDBC URL [Connecting through datasource 'HikariDataSource (HikariPool-1)']
	Database driver: undefined/unknown
	Database version: 8.0.36
	Autocommit mode: undefined/unknown
	Isolation level: undefined/unknown
	Minimum pool size: undefined/unknown
	Maximum pool size: undefined/unknown
2025-01-16 22:40:56 - HHH000489: No JTA platform available (set 'hibernate.transaction.jta.platform' to enable JTA platform integration)
2025-01-16 22:40:56 - Initialized JPA EntityManagerFactory for persistence unit 'default'
2025-01-16 22:40:56 - spring.jpa.open-in-view is enabled by default. Therefore, database queries may be performed during view rendering. Explicitly configure spring.jpa.open-in-view to disable this warning
2025-01-16 22:40:57 - Started AuthServiceApplicationTests in 4.932 seconds (process running for 5.774)
2025-01-16 22:40:58 - Could not detect default configuration classes for test class [com.authservice.auth_service.controller.LoginControllerTest]: LoginControllerTest does not declare any static, non-private, non-final, nested classes annotated with @Configuration.
2025-01-16 22:40:58 - Found @SpringBootConfiguration com.authservice.auth_service.AuthServiceApplication for test class com.authservice.auth_service.controller.LoginControllerTest
2025-01-16 22:40:58 - Starting LoginControllerTest using Java 17.0.2 with PID 21192 (started by usuario in C:\Users\usuario\Desktop\auth-service)
2025-01-16 22:40:58 - No active profile set, falling back to 1 default profile: "default"
2025-01-16 22:40:58 - Bootstrapping Spring Data JPA repositories in DEFAULT mode.
2025-01-16 22:40:58 - Finished Spring Data repository scanning in 11 ms. Found 1 JPA repository interface.
2025-01-16 22:40:58 - HHH000204: Processing PersistenceUnitInfo [name: default]
2025-01-16 22:40:58 - HHH000026: Second-level cache disabled
2025-01-16 22:40:58 - No LoadTimeWeaver setup: ignoring JPA class transformer
2025-01-16 22:40:58 - HikariPool-2 - Starting...
2025-01-16 22:40:58 - HikariPool-2 - Added connection com.mysql.cj.jdbc.ConnectionImpl@2bfe398b
2025-01-16 22:40:58 - HikariPool-2 - Start completed.
2025-01-16 22:40:58 - HHH90000025: MySQLDialect does not need to be specified explicitly using 'hibernate.dialect' (remove the property setting and it will be selected by default)
2025-01-16 22:40:58 - HHH10001005: Database info:
	Database JDBC URL [Connecting through datasource 'HikariDataSource (HikariPool-2)']
	Database driver: undefined/unknown
	Database version: 8.0.36
	Autocommit mode: undefined/unknown
	Isolation level: undefined/unknown
	Minimum pool size: undefined/unknown
	Maximum pool size: undefined/unknown
2025-01-16 22:40:58 - HHH000489: No JTA platform available (set 'hibernate.transaction.jta.platform' to enable JTA platform integration)
2025-01-16 22:40:58 - Initialized JPA EntityManagerFactory for persistence unit 'default'
2025-01-16 22:40:58 - spring.jpa.open-in-view is enabled by default. Therefore, database queries may be performed during view rendering. Explicitly configure spring.jpa.open-in-view to disable this warning
2025-01-16 22:40:58 - Initializing Spring TestDispatcherServlet ''
2025-01-16 22:40:58 - Initializing Servlet ''
2025-01-16 22:40:58 - Completed initialization in 1 ms
2025-01-16 22:40:58 - Started LoginControllerTest in 0.716 seconds (process running for 6.968)
2025-01-16 22:40:59 - Initializing Spring TestDispatcherServlet ''
2025-01-16 22:40:59 - Initializing Servlet ''
2025-01-16 22:40:59 - Completed initialization in 0 ms
2025-01-16 22:40:59 - Initializing Spring TestDispatcherServlet ''
2025-01-16 22:40:59 - Initializing Servlet ''
2025-01-16 22:40:59 - Completed initialization in 0 ms
2025-01-16 22:40:59 - Initializing Spring TestDispatcherServlet ''
2025-01-16 22:40:59 - Initializing Servlet ''
2025-01-16 22:40:59 - Completed initialization in 0 ms
2025-01-16 22:40:59 - Initializing Spring TestDispatcherServlet ''
2025-01-16 22:40:59 - Initializing Servlet ''
2025-01-16 22:40:59 - Completed initialization in 0 ms
2025-01-16 22:40:59 - Initializing Spring TestDispatcherServlet ''
2025-01-16 22:40:59 - Initializing Servlet ''
2025-01-16 22:40:59 - Completed initialization in 0 ms
2025-01-16 22:40:59 - Initializing Spring TestDispatcherServlet ''
2025-01-16 22:40:59 - Initializing Servlet ''
2025-01-16 22:40:59 - Completed initialization in 0 ms
2025-01-16 22:40:59 - Initializing Spring TestDispatcherServlet ''
2025-01-16 22:40:59 - Initializing Servlet ''
2025-01-16 22:40:59 - Completed initialization in 0 ms
2025-01-16 22:40:59 - Initializing Spring TestDispatcherServlet ''
2025-01-16 22:40:59 - Initializing Servlet ''
2025-01-16 22:40:59 - Completed initialization in 0 ms
2025-01-16 22:40:59 - Initializing Spring TestDispatcherServlet ''
2025-01-16 22:40:59 - Initializing Servlet ''
2025-01-16 22:40:59 - Completed initialization in 1 ms
2025-01-16 22:40:59 - Initializing Spring TestDispatcherServlet ''
2025-01-16 22:40:59 - Initializing Servlet ''
2025-01-16 22:40:59 - Completed initialization in 0 ms
2025-01-16 22:40:59 - Initializing Spring TestDispatcherServlet ''
2025-01-16 22:40:59 - Initializing Servlet ''
2025-01-16 22:40:59 - Completed initialization in 0 ms
2025-01-16 22:40:59 - Initializing Spring TestDispatcherServlet ''
2025-01-16 22:40:59 - Initializing Servlet ''
2025-01-16 22:40:59 - Completed initialization in 0 ms
2025-01-16 22:40:59 - Initializing Spring TestDispatcherServlet ''
2025-01-16 22:40:59 - Initializing Servlet ''
2025-01-16 22:40:59 - Completed initialization in 0 ms
2025-01-16 22:40:59 - Initializing Spring TestDispatcherServlet ''
2025-01-16 22:40:59 - Initializing Servlet ''
2025-01-16 22:40:59 - Completed initialization in 0 ms
2025-01-16 22:40:59 - Initializing Spring TestDispatcherServlet ''
2025-01-16 22:40:59 - Initializing Servlet ''
2025-01-16 22:40:59 - Completed initialization in 0 ms
2025-01-16 22:40:59 - Could not detect default configuration classes for test class [com.authservice.auth_service.dto.LoginRequestDTOTest]: LoginRequestDTOTest does not declare any static, non-private, non-final, nested classes annotated with @Configuration.
2025-01-16 22:40:59 - Found @SpringBootConfiguration com.authservice.auth_service.AuthServiceApplication for test class com.authservice.auth_service.dto.LoginRequestDTOTest
2025-01-16 22:40:59 - Initializing Spring TestDispatcherServlet ''
2025-01-16 22:40:59 - Initializing Servlet ''
2025-01-16 22:40:59 - Completed initialization in 0 ms
2025-01-16 22:40:59 - Initializing Spring TestDispatcherServlet ''
2025-01-16 22:40:59 - Initializing Servlet ''
2025-01-16 22:40:59 - Completed initialization in 0 ms
2025-01-16 22:40:59 - Initializing Spring TestDispatcherServlet ''
2025-01-16 22:40:59 - Initializing Servlet ''
2025-01-16 22:40:59 - Completed initialization in 0 ms
2025-01-16 22:40:59 - Initializing Spring TestDispatcherServlet ''
2025-01-16 22:40:59 - Initializing Servlet ''
2025-01-16 22:40:59 - Completed initialization in 0 ms
2025-01-16 22:40:59 - Initializing Spring TestDispatcherServlet ''
2025-01-16 22:40:59 - Initializing Servlet ''
2025-01-16 22:40:59 - Completed initialization in 0 ms
2025-01-16 22:40:59 - Initializing Spring TestDispatcherServlet ''
2025-01-16 22:40:59 - Initializing Servlet ''
2025-01-16 22:40:59 - Completed initialization in 1 ms
2025-01-16 22:40:59 - Initializing Spring TestDispatcherServlet ''
2025-01-16 22:40:59 - Initializing Servlet ''
2025-01-16 22:40:59 - Completed initialization in 0 ms
2025-01-16 22:40:59 - Initializing Spring TestDispatcherServlet ''
2025-01-16 22:40:59 - Initializing Servlet ''
2025-01-16 22:40:59 - Completed initialization in 0 ms
2025-01-16 22:40:59 - Closing JPA EntityManagerFactory for persistence unit 'default'
2025-01-16 22:40:59 - HikariPool-1 - Shutdown initiated...
2025-01-16 22:40:59 - HikariPool-1 - Shutdown completed.
2025-01-16 22:40:59 - Closing JPA EntityManagerFactory for persistence unit 'default'
2025-01-16 22:40:59 - HikariPool-2 - Shutdown initiated...
2025-01-16 22:40:59 - HikariPool-2 - Shutdown completed.
